2013-08-01 10:38:02,195 INFO  [ClassPathXmlApplicationContext] Refreshing org.springframework.context.support.ClassPathXmlApplicationContext@76c39d7f: startup date [Thu Aug 01 10:38:02 EEST 2013]; root of context hierarchy 
2013-08-01 10:38:02,240 INFO  [XmlBeanDefinitionReader] Loading XML bean definitions from class path resource [spring-context.xml] 
2013-08-01 10:38:02,665 INFO  [DefaultListableBeanFactory] Pre-instantiating singletons in org.springframework.beans.factory.support.DefaultListableBeanFactory@5e0c8d24: defining beans [org.springframework.context.annotation.internalConfigurationAnnotationProcessor,org.springframework.context.annotation.internalAutowiredAnnotationProcessor,org.springframework.context.annotation.internalRequiredAnnotationProcessor,org.springframework.context.annotation.internalCommonAnnotationProcessor,okkopaRunner,PDFProcessorImpl,PDFSplitter,QRCodeReader,examPaperSenderImpl,mailRead,productionSettings,org.springframework.context.annotation.ConfigurationClassPostProcessor.importAwareProcessor]; root of factory hierarchy 
2013-08-01 10:38:02,739 INFO  [DefaultListableBeanFactory] Destroying singletons in org.springframework.beans.factory.support.DefaultListableBeanFactory@5e0c8d24: defining beans [org.springframework.context.annotation.internalConfigurationAnnotationProcessor,org.springframework.context.annotation.internalAutowiredAnnotationProcessor,org.springframework.context.annotation.internalRequiredAnnotationProcessor,org.springframework.context.annotation.internalCommonAnnotationProcessor,okkopaRunner,PDFProcessorImpl,PDFSplitter,QRCodeReader,examPaperSenderImpl,mailRead,productionSettings,org.springframework.context.annotation.ConfigurationClassPostProcessor.importAwareProcessor]; root of factory hierarchy 
2013-08-01 10:39:22,870 INFO  [ClassPathXmlApplicationContext] Refreshing org.springframework.context.support.ClassPathXmlApplicationContext@76c39d7f: startup date [Thu Aug 01 10:39:22 EEST 2013]; root of context hierarchy 
2013-08-01 10:39:22,915 INFO  [XmlBeanDefinitionReader] Loading XML bean definitions from class path resource [spring-context.xml] 
2013-08-01 10:39:23,302 INFO  [DefaultListableBeanFactory] Pre-instantiating singletons in org.springframework.beans.factory.support.DefaultListableBeanFactory@5e0c8d24: defining beans [org.springframework.context.annotation.internalConfigurationAnnotationProcessor,org.springframework.context.annotation.internalAutowiredAnnotationProcessor,org.springframework.context.annotation.internalRequiredAnnotationProcessor,org.springframework.context.annotation.internalCommonAnnotationProcessor,okkopaRunner,PDFProcessorImpl,PDFSplitter,QRCodeReader,examPaperSenderImpl,mailRead,productionSettings,org.springframework.context.annotation.ConfigurationClassPostProcessor.importAwareProcessor]; root of factory hierarchy 
2013-08-01 10:39:23,347 INFO  [DefaultListableBeanFactory] Destroying singletons in org.springframework.beans.factory.support.DefaultListableBeanFactory@5e0c8d24: defining beans [org.springframework.context.annotation.internalConfigurationAnnotationProcessor,org.springframework.context.annotation.internalAutowiredAnnotationProcessor,org.springframework.context.annotation.internalRequiredAnnotationProcessor,org.springframework.context.annotation.internalCommonAnnotationProcessor,okkopaRunner,PDFProcessorImpl,PDFSplitter,QRCodeReader,examPaperSenderImpl,mailRead,productionSettings,org.springframework.context.annotation.ConfigurationClassPostProcessor.importAwareProcessor]; root of factory hierarchy 
2013-08-01 10:46:43,271 INFO  [ClassPathXmlApplicationContext] Refreshing org.springframework.context.support.ClassPathXmlApplicationContext@76c39d7f: startup date [Thu Aug 01 10:46:43 EEST 2013]; root of context hierarchy 
2013-08-01 10:46:43,316 INFO  [XmlBeanDefinitionReader] Loading XML bean definitions from class path resource [spring-context.xml] 
2013-08-01 10:46:43,678 INFO  [DefaultListableBeanFactory] Pre-instantiating singletons in org.springframework.beans.factory.support.DefaultListableBeanFactory@5e0c8d24: defining beans [org.springframework.context.annotation.internalConfigurationAnnotationProcessor,org.springframework.context.annotation.internalAutowiredAnnotationProcessor,org.springframework.context.annotation.internalRequiredAnnotationProcessor,org.springframework.context.annotation.internalCommonAnnotationProcessor,okkopaRunner,PDFProcessorImpl,PDFSplitter,QRCodeReader,examPaperSenderImpl,mailRead,productionSettings,org.springframework.context.annotation.ConfigurationClassPostProcessor.importAwareProcessor]; root of factory hierarchy 
2013-08-01 10:46:43,721 INFO  [DefaultListableBeanFactory] Destroying singletons in org.springframework.beans.factory.support.DefaultListableBeanFactory@5e0c8d24: defining beans [org.springframework.context.annotation.internalConfigurationAnnotationProcessor,org.springframework.context.annotation.internalAutowiredAnnotationProcessor,org.springframework.context.annotation.internalRequiredAnnotationProcessor,org.springframework.context.annotation.internalCommonAnnotationProcessor,okkopaRunner,PDFProcessorImpl,PDFSplitter,QRCodeReader,examPaperSenderImpl,mailRead,productionSettings,org.springframework.context.annotation.ConfigurationClassPostProcessor.importAwareProcessor]; root of factory hierarchy 
2013-08-01 10:49:53,244 INFO  [ClassPathXmlApplicationContext] Refreshing org.springframework.context.support.ClassPathXmlApplicationContext@249939c3: startup date [Thu Aug 01 10:49:53 EEST 2013]; root of context hierarchy 
2013-08-01 10:49:53,289 INFO  [XmlBeanDefinitionReader] Loading XML bean definitions from class path resource [spring-context.xml] 
2013-08-01 10:49:53,675 INFO  [DefaultListableBeanFactory] Pre-instantiating singletons in org.springframework.beans.factory.support.DefaultListableBeanFactory@5e0c8d24: defining beans [org.springframework.context.annotation.internalConfigurationAnnotationProcessor,org.springframework.context.annotation.internalAutowiredAnnotationProcessor,org.springframework.context.annotation.internalRequiredAnnotationProcessor,org.springframework.context.annotation.internalCommonAnnotationProcessor,okkopaRunner,PDFProcessorImpl,PDFSplitter,QRCodeReader,examPaperSenderImpl,mailRead,productionSettings,org.springframework.context.annotation.ConfigurationClassPostProcessor.importAwareProcessor]; root of factory hierarchy 
2013-08-01 10:51:27,333 INFO  [ClassPathXmlApplicationContext] Refreshing org.springframework.context.support.ClassPathXmlApplicationContext@249939c3: startup date [Thu Aug 01 10:51:27 EEST 2013]; root of context hierarchy 
2013-08-01 10:51:27,378 INFO  [XmlBeanDefinitionReader] Loading XML bean definitions from class path resource [spring-context.xml] 
2013-08-01 10:51:27,752 INFO  [DefaultListableBeanFactory] Pre-instantiating singletons in org.springframework.beans.factory.support.DefaultListableBeanFactory@5e0c8d24: defining beans [org.springframework.context.annotation.internalConfigurationAnnotationProcessor,org.springframework.context.annotation.internalAutowiredAnnotationProcessor,org.springframework.context.annotation.internalRequiredAnnotationProcessor,org.springframework.context.annotation.internalCommonAnnotationProcessor,okkopaRunner,PDFProcessorImpl,PDFSplitter,QRCodeReader,examPaperSenderImpl,mailRead,productionSettings,org.springframework.context.annotation.ConfigurationClassPostProcessor.importAwareProcessor]; root of factory hierarchy 
2013-08-01 10:52:10,363 INFO  [ClassPathXmlApplicationContext] Refreshing org.springframework.context.support.ClassPathXmlApplicationContext@76c39d7f: startup date [Thu Aug 01 10:52:10 EEST 2013]; root of context hierarchy 
2013-08-01 10:52:10,407 INFO  [XmlBeanDefinitionReader] Loading XML bean definitions from class path resource [spring-context.xml] 
2013-08-01 10:52:10,795 INFO  [DefaultListableBeanFactory] Pre-instantiating singletons in org.springframework.beans.factory.support.DefaultListableBeanFactory@5e0c8d24: defining beans [org.springframework.context.annotation.internalConfigurationAnnotationProcessor,org.springframework.context.annotation.internalAutowiredAnnotationProcessor,org.springframework.context.annotation.internalRequiredAnnotationProcessor,org.springframework.context.annotation.internalCommonAnnotationProcessor,okkopaRunner,PDFProcessorImpl,PDFSplitter,QRCodeReader,examPaperSenderImpl,mailRead,productionSettings,org.springframework.context.annotation.ConfigurationClassPostProcessor.importAwareProcessor]; root of factory hierarchy 
2013-08-01 10:52:10,995 ERROR [OkkopaRunner] map.googlemail.com 
2013-08-01 10:52:30,143 INFO  [ClassPathXmlApplicationContext] Refreshing org.springframework.context.support.ClassPathXmlApplicationContext@249939c3: startup date [Thu Aug 01 10:52:30 EEST 2013]; root of context hierarchy 
2013-08-01 10:52:30,188 INFO  [XmlBeanDefinitionReader] Loading XML bean definitions from class path resource [spring-context.xml] 
2013-08-01 10:52:30,575 INFO  [DefaultListableBeanFactory] Pre-instantiating singletons in org.springframework.beans.factory.support.DefaultListableBeanFactory@5e0c8d24: defining beans [org.springframework.context.annotation.internalConfigurationAnnotationProcessor,org.springframework.context.annotation.internalAutowiredAnnotationProcessor,org.springframework.context.annotation.internalRequiredAnnotationProcessor,org.springframework.context.annotation.internalCommonAnnotationProcessor,okkopaRunner,PDFProcessorImpl,PDFSplitter,QRCodeReader,examPaperSenderImpl,mailRead,productionSettings,org.springframework.context.annotation.ConfigurationClassPostProcessor.importAwareProcessor]; root of factory hierarchy 
2013-08-01 10:52:30,808 ERROR [OkkopaRunner] map.googlemail.com 
2013-08-01 10:54:32,888 ERROR [OkkopaRunner] map.googlemail.com 
2013-08-01 10:59:07,849 ERROR [OkkopaRunner] MessagingException thrown. 
javax.mail.MessagingException: map.googlemail.com;
  nested exception is:
	java.net.UnknownHostException: map.googlemail.com
	at com.sun.mail.imap.IMAPStore.protocolConnect(IMAPStore.java:670)
	at javax.mail.Service.connect(Service.java:295)
	at javax.mail.Service.connect(Service.java:176)
	at fi.helsinki.cs.okkopa.mail.read.IMAPserver.login(IMAPserver.java:88)
	at fi.helsinki.cs.okkopa.mail.read.MailRead.connect(MailRead.java:38)
	at fi.helsinki.cs.okkopa.OkkopaRunner.run(OkkopaRunner.java:42)
	at java.util.concurrent.Executors$RunnableAdapter.call(Executors.java:471)
	at java.util.concurrent.FutureTask$Sync.innerRunAndReset(FutureTask.java:351)
	at java.util.concurrent.FutureTask.runAndReset(FutureTask.java:178)
	at java.util.concurrent.ScheduledThreadPoolExecutor$ScheduledFutureTask.access$301(ScheduledThreadPoolExecutor.java:178)
	at java.util.concurrent.ScheduledThreadPoolExecutor$ScheduledFutureTask.run(ScheduledThreadPoolExecutor.java:293)
	at java.util.concurrent.ThreadPoolExecutor.runWorker(ThreadPoolExecutor.java:1145)
	at java.util.concurrent.ThreadPoolExecutor$Worker.run(ThreadPoolExecutor.java:615)
	at java.lang.Thread.run(Thread.java:724)
Caused by: java.net.UnknownHostException: map.googlemail.com
	at java.net.AbstractPlainSocketImpl.connect(AbstractPlainSocketImpl.java:178)
	at java.net.SocksSocketImpl.connect(SocksSocketImpl.java:392)
	at java.net.Socket.connect(Socket.java:579)
	at java.net.Socket.connect(Socket.java:528)
	at com.sun.mail.util.SocketFetcher.createSocket(SocketFetcher.java:321)
	at com.sun.mail.util.SocketFetcher.getSocket(SocketFetcher.java:237)
	at com.sun.mail.iap.Protocol.<init>(Protocol.java:116)
	at com.sun.mail.imap.protocol.IMAPProtocol.<init>(IMAPProtocol.java:115)
	at com.sun.mail.imap.IMAPStore.newIMAPProtocol(IMAPStore.java:685)
	at com.sun.mail.imap.IMAPStore.protocolConnect(IMAPStore.java:636)
	... 13 more
2013-08-01 11:03:10,547 ERROR [OkkopaRunner] MessagingException thrown. 
2013-08-01 11:03:10,548 ERROR [OkkopaRunner] javax.mail.MessagingException: map.googlemail.com;
  nested exception is:
	java.net.UnknownHostException: map.googlemail.com 
2013-08-01 11:04:10,553 ERROR [OkkopaRunner] MessagingException thrown. 
2013-08-01 11:04:10,553 ERROR [OkkopaRunner] javax.mail.MessagingException: map.googlemail.com;
  nested exception is:
	java.net.UnknownHostException: map.googlemail.com 
2013-08-01 11:04:14,316 ERROR [OkkopaRunner] javax.mail.MessagingException: map.googlemail.com;
  nested exception is:
	java.net.UnknownHostException: map.googlemail.com 
2013-08-01 11:05:10,556 ERROR [OkkopaRunner] MessagingException thrown. 
2013-08-01 11:05:10,558 ERROR [OkkopaRunner] javax.mail.MessagingException: map.googlemail.com;
  nested exception is:
	java.net.UnknownHostException: map.googlemail.com 
2013-08-01 11:05:14,322 ERROR [OkkopaRunner] javax.mail.MessagingException: map.googlemail.com;
  nested exception is:
	java.net.UnknownHostException: map.googlemail.com 
2013-08-01 11:06:10,562 ERROR [OkkopaRunner] MessagingException thrown. 
2013-08-01 11:06:10,563 ERROR [OkkopaRunner] javax.mail.MessagingException: map.googlemail.com;
  nested exception is:
	java.net.UnknownHostException: map.googlemail.com 
2013-08-01 11:07:10,568 ERROR [OkkopaRunner] MessagingException thrown. 
2013-08-01 11:07:10,571 ERROR [OkkopaRunner] javax.mail.MessagingException: map.googlemail.com;
  nested exception is:
	java.net.UnknownHostException: map.googlemail.com 
2013-08-01 11:08:10,575 ERROR [OkkopaRunner] MessagingException thrown. 
2013-08-01 11:08:10,575 ERROR [OkkopaRunner] javax.mail.MessagingException: map.googlemail.com;
  nested exception is:
	java.net.UnknownHostException: map.googlemail.com 
2013-08-01 11:09:10,579 ERROR [OkkopaRunner] MessagingException thrown. 
2013-08-01 11:09:10,583 ERROR [OkkopaRunner] javax.mail.MessagingException: map.googlemail.com;
  nested exception is:
	java.net.UnknownHostException: map.googlemail.com 
2013-08-01 11:10:10,586 ERROR [OkkopaRunner] MessagingException thrown. 
2013-08-01 11:10:10,587 ERROR [OkkopaRunner] javax.mail.MessagingException: map.googlemail.com;
  nested exception is:
	java.net.UnknownHostException: map.googlemail.com 
2013-08-01 11:10:17,576 ERROR [OkkopaRunner] javax.mail.MessagingException: map.googlemail.com;
  nested exception is:
	java.net.UnknownHostException: map.googlemail.com 
2013-08-01 11:11:03,160 ERROR [OkkopaRunner] javax.mail.MessagingException: map.googlemail.com;
  nested exception is:
	java.net.UnknownHostException: map.googlemail.com 
2013-08-01 11:11:10,590 ERROR [OkkopaRunner] MessagingException thrown. 
2013-08-01 11:11:10,590 ERROR [OkkopaRunner] javax.mail.MessagingException: map.googlemail.com;
  nested exception is:
	java.net.UnknownHostException: map.googlemail.com 
2013-08-01 11:11:17,581 ERROR [OkkopaRunner] javax.mail.MessagingException: map.googlemail.com;
  nested exception is:
	java.net.UnknownHostException: map.googlemail.com 
2013-08-01 11:11:20,359 ERROR [OkkopaRunner] javax.mail.MessagingException: map.googlemail.com;
  nested exception is:
	java.net.UnknownHostException: map.googlemail.com 
2013-08-01 11:11:58,554 INFO  [OkkopaRunner] Info. 
2013-08-01 11:11:58,602 ERROR [OkkopaRunner] javax.mail.MessagingException: map.googlemail.com;
  nested exception is:
	java.net.UnknownHostException: map.googlemail.com 
2013-08-01 11:12:03,166 ERROR [OkkopaRunner] javax.mail.MessagingException: map.googlemail.com;
  nested exception is:
	java.net.UnknownHostException: map.googlemail.com 
2013-08-01 11:12:10,594 ERROR [OkkopaRunner] MessagingException thrown. 
2013-08-01 11:12:10,595 ERROR [OkkopaRunner] javax.mail.MessagingException: map.googlemail.com;
  nested exception is:
	java.net.UnknownHostException: map.googlemail.com 
2013-08-01 11:12:17,585 ERROR [OkkopaRunner] javax.mail.MessagingException: map.googlemail.com;
  nested exception is:
	java.net.UnknownHostException: map.googlemail.com 
2013-08-01 11:12:20,364 ERROR [OkkopaRunner] javax.mail.MessagingException: map.googlemail.com;
  nested exception is:
	java.net.UnknownHostException: map.googlemail.com 
2013-08-01 11:13:10,636 ERROR [OkkopaRunner] MessagingException thrown. 
2013-08-01 11:13:10,636 ERROR [OkkopaRunner] javax.mail.MessagingException: map.googlemail.com;
  nested exception is:
	java.net.UnknownHostException: map.googlemail.com 
2013-08-01 11:13:12,407 INFO  [OkkopaRunner] Info. 
2013-08-01 11:13:12,451 ERROR [OkkopaRunner] javax.mail.MessagingException: map.googlemail.com;
  nested exception is:
	java.net.UnknownHostException: map.googlemail.com 
2013-08-01 11:14:10,640 ERROR [OkkopaRunner] MessagingException thrown. 
2013-08-01 11:14:10,641 ERROR [OkkopaRunner] javax.mail.MessagingException: map.googlemail.com;
  nested exception is:
	java.net.UnknownHostException: map.googlemail.com 
2013-08-01 11:15:10,645 ERROR [OkkopaRunner] MessagingException thrown. 
2013-08-01 11:15:10,646 ERROR [OkkopaRunner] javax.mail.MessagingException: map.googlemail.com;
  nested exception is:
	java.net.UnknownHostException: map.googlemail.com 
2013-08-01 11:16:10,650 ERROR [OkkopaRunner] MessagingException thrown. 
2013-08-01 11:16:10,650 ERROR [OkkopaRunner] javax.mail.MessagingException: map.googlemail.com;
  nested exception is:
	java.net.UnknownHostException: map.googlemail.com 
2013-08-01 11:17:10,654 ERROR [OkkopaRunner] MessagingException thrown. 
2013-08-01 11:17:10,659 ERROR [OkkopaRunner] javax.mail.MessagingException: map.googlemail.com;
  nested exception is:
	java.net.UnknownHostException: map.googlemail.com 
